<?xml version="1.0" encoding="UTF-8"?>
<testsuite name="FibTests" tests="1" skipped="0" failures="0" errors="0" timestamp="2020-03-10T16:04:14" hostname="DESKTOP-LSOCJD8" time="0.001">
  <properties/>
  <testcase name="basicTest" classname="FibTests" time="0.001"/>
  <system-out><![CDATA[]]></system-out>
  <system-err><![CDATA[]]></system-err>
</testsuite>
